{"contracts\\FortyTwoKLCoin.sol":{"l":{"14":19,"15":19,"19":16},"path":"C:\\Users\\echai\\Desktop\\Ethereum\\42 Coin\\contracts\\FortyTwoKLCoin.sol","s":{"1":19,"2":19,"3":16},"b":{},"f":{"1":19,"2":16},"fnMap":{"1":{"name":"constructor","line":13,"loc":{"start":{"line":13,"column":4},"end":{"line":16,"column":4}}},"2":{"name":"mint","line":18,"loc":{"start":{"line":18,"column":4},"end":{"line":20,"column":4}}}},"statementMap":{"1":{"start":{"line":14,"column":8},"end":{"line":14,"column":49}},"2":{"start":{"line":15,"column":8},"end":{"line":15,"column":42}},"3":{"start":{"line":19,"column":8},"end":{"line":19,"column":24}}},"branchMap":{}},"contracts\\IFortyTwoKLCoin.sol":{"l":{},"path":"C:\\Users\\echai\\Desktop\\Ethereum\\42 Coin\\contracts\\IFortyTwoKLCoin.sol","s":{},"b":{},"f":{},"fnMap":{},"statementMap":{},"branchMap":{}},"contracts\\Marketplace.sol":{"l":{"30":11,"31":11,"33":11,"34":11,"41":9,"42":9,"49":6,"51":6,"53":4,"54":4,"56":4,"57":4,"59":4,"60":4,"67":0,"68":0,"75":0,"76":0,"85":3,"86":1,"87":1,"88":1},"path":"C:\\Users\\echai\\Desktop\\Ethereum\\42 Coin\\contracts\\Marketplace.sol","s":{"1":11,"2":11,"3":11,"4":11,"5":9,"6":9,"7":6,"8":6,"9":4,"10":4,"11":4,"12":4,"13":4,"14":4,"15":0,"16":0,"17":0,"18":0,"19":3,"20":1,"21":1,"22":1},"b":{"1":[4,2],"2":[1,2],"3":[1,0]},"f":{"1":11,"2":9,"3":6,"4":0,"5":0,"6":3},"fnMap":{"1":{"name":"constructor","line":29,"loc":{"start":{"line":29,"column":2},"end":{"line":35,"column":2}}},"2":{"name":"setConversionRate","line":40,"loc":{"start":{"line":40,"column":2},"end":{"line":43,"column":2}}},"3":{"name":"purchaseEvalPoints","line":48,"loc":{"start":{"line":48,"column":2},"end":{"line":61,"column":2}}},"4":{"name":"purchaseSuccessful","line":66,"loc":{"start":{"line":66,"column":2},"end":{"line":69,"column":2}}},"5":{"name":"purchaseFail","line":74,"loc":{"start":{"line":74,"column":2},"end":{"line":77,"column":2}}},"6":{"name":"withdrawTokens","line":83,"loc":{"start":{"line":83,"column":2},"end":{"line":89,"column":2}}}},"statementMap":{"1":{"start":{"line":30,"column":4},"end":{"line":30,"column":17}},"2":{"start":{"line":31,"column":4},"end":{"line":31,"column":39}},"3":{"start":{"line":33,"column":4},"end":{"line":33,"column":45}},"4":{"start":{"line":34,"column":4},"end":{"line":34,"column":37}},"5":{"start":{"line":41,"column":4},"end":{"line":41,"column":35}},"6":{"start":{"line":42,"column":4},"end":{"line":42,"column":60}},"7":{"start":{"line":49,"column":4},"end":{"line":49,"column":53}},"8":{"start":{"line":51,"column":4},"end":{"line":51,"column":91}},"9":{"start":{"line":53,"column":4},"end":{"line":53,"column":63}},"10":{"start":{"line":54,"column":4},"end":{"line":54,"column":61}},"11":{"start":{"line":56,"column":4},"end":{"line":56,"column":112}},"12":{"start":{"line":57,"column":4},"end":{"line":57,"column":29}},"13":{"start":{"line":59,"column":4},"end":{"line":59,"column":85}},"14":{"start":{"line":60,"column":4},"end":{"line":60,"column":73}},"15":{"start":{"line":67,"column":4},"end":{"line":67,"column":33}},"16":{"start":{"line":68,"column":4},"end":{"line":68,"column":40}},"17":{"start":{"line":75,"column":4},"end":{"line":75,"column":37}},"18":{"start":{"line":76,"column":4},"end":{"line":76,"column":44}},"19":{"start":{"line":85,"column":4},"end":{"line":85,"column":82}},"20":{"start":{"line":86,"column":4},"end":{"line":86,"column":77}},"21":{"start":{"line":87,"column":4},"end":{"line":87,"column":36}},"22":{"start":{"line":88,"column":4},"end":{"line":88,"column":47}}},"branchMap":{"1":{"line":51,"type":"if","locations":[{"start":{"line":51,"column":4},"end":{"line":51,"column":4}},{"start":{"line":51,"column":4},"end":{"line":51,"column":4}}]},"2":{"line":85,"type":"if","locations":[{"start":{"line":85,"column":4},"end":{"line":85,"column":4}},{"start":{"line":85,"column":4},"end":{"line":85,"column":4}}]},"3":{"line":86,"type":"if","locations":[{"start":{"line":86,"column":4},"end":{"line":86,"column":4}},{"start":{"line":86,"column":4},"end":{"line":86,"column":4}}]}}}}